Info 0    [16:26:33.522] Starting TS Server
Info 1    [16:26:33.523] Version: 3.8.3
Info 2    [16:26:33.523] Arguments: /usr/bin/node /home/elis/Projects/micro/micro-node/micro-core/node_modules/.bin/tsserver --logFile /home/elis/Projects/micro/micro-node/micro-core/.log/tsserver.log --logVerbosity info --cancellationPipeName /tmp/66298ee9fd76c9d1372f386309e9a0a3/tscancellation*
Info 3    [16:26:33.523] Platform: linux NodeVersion: 8 CaseSensitive: true
Info 4    [16:26:33.544] Search path: /home/elis/Projects/micro/micro-node/micro-core/src/decorators
Info 5    [16:26:33.546] For info: /home/elis/Projects/micro/micro-node/micro-core/src/decorators/ControllerDecorators.ts :: Config file name: /home/elis/Projects/micro/micro-node/micro-core/tsconfig.json
Info 6    [16:26:33.547] Opened configuration file /home/elis/Projects/micro/micro-node/micro-core/tsconfig.json
Info 7    [16:26:33.624] Config: /home/elis/Projects/micro/micro-node/micro-core/tsconfig.json : {
 "rootNames": [
  "/home/elis/Projects/micro/micro-node/micro-core/src/index.ts",
  "/home/elis/Projects/micro/micro-node/micro-core/src/brokers/AbstractBroker.ts",
  "/home/elis/Projects/micro/micro-node/micro-core/src/brokers/BrokerBuilder.ts",
  "/home/elis/Projects/micro/micro-node/micro-core/src/brokers/BrokerResolver.ts",
  "/home/elis/Projects/micro/micro-node/micro-core/src/brokers/IBroker.ts",
  "/home/elis/Projects/micro/micro-node/micro-core/src/brokers/amqp/AmqpBroker.ts",
  "/home/elis/Projects/micro/micro-node/micro-core/src/brokers/amqp/AmqpClient.ts",
  "/home/elis/Projects/micro/micro-node/micro-core/src/brokers/amqp/TopicBasedAmqpBroker.ts",
  "/home/elis/Projects/micro/micro-node/micro-core/src/brokers/amqp/index.ts",
  "/home/elis/Projects/micro/micro-node/micro-core/src/brokers/http/HttpBroker.ts",
  "/home/elis/Projects/micro/micro-node/micro-core/src/brokers/http/express/ExpressBroker.ts",
  "/home/elis/Projects/micro/micro-node/micro-core/src/brokers/http/express/index.ts",
  "/home/elis/Projects/micro/micro-node/micro-core/src/brokers/http/fastify/FastifyBroker.ts",
  "/home/elis/Projects/micro/micro-node/micro-core/src/brokers/http/fastify/index.ts",
  "/home/elis/Projects/micro/micro-node/micro-core/src/brokers/http/hapi/HapiBroker.ts",
  "/home/elis/Projects/micro/micro-node/micro-core/src/brokers/http/hapi/index.ts",
  "/home/elis/Projects/micro/micro-node/micro-core/src/brokers/http/koa/KoaBroker.ts",
  "/home/elis/Projects/micro/micro-node/micro-core/src/brokers/http/koa/index.ts",
  "/home/elis/Projects/micro/micro-node/micro-core/src/brokers/redis/RedisBroker.ts",
  "/home/elis/Projects/micro/micro-node/micro-core/src/brokers/redis/index.ts",
  "/home/elis/Projects/micro/micro-node/micro-core/src/brokers/socketio/SocketIOBroker.ts",
  "/home/elis/Projects/micro/micro-node/micro-core/src/brokers/socketio/index.ts",
  "/home/elis/Projects/micro/micro-node/micro-core/src/clients/HttpClient.ts",
  "/home/elis/Projects/micro/micro-node/micro-core/src/clients/RedisClient.ts",
  "/home/elis/Projects/micro/micro-node/micro-core/src/decorators/BaseDecorators.ts",
  "/home/elis/Projects/micro/micro-node/micro-core/src/decorators/ControllerDecorators.ts",
  "/home/elis/Projects/micro/micro-node/micro-core/src/decorators/GlobalMetadata.ts",
  "/home/elis/Projects/micro/micro-node/micro-core/src/decorators/MethodDecorators.ts",
  "/home/elis/Projects/micro/micro-node/micro-core/src/decorators/ParameterDecorators.ts",
  "/home/elis/Projects/micro/micro-node/micro-core/src/decorators/RestDecorators.ts",
  "/home/elis/Projects/micro/micro-node/micro-core/src/decorators/index.ts",
  "/home/elis/Projects/micro/micro-node/micro-core/src/decorators/types/ControllerMetadataTypes.ts",
  "/home/elis/Projects/micro/micro-node/micro-core/src/decorators/types/MethodMetadataTypes.ts",
  "/home/elis/Projects/micro/micro-node/micro-core/src/decorators/types/ParamMetadataTypes.ts",
  "/home/elis/Projects/micro/micro-node/micro-core/src/decorators/types/index.ts",
  "/home/elis/Projects/micro/micro-node/micro-core/src/di/BaseContainer.ts",
  "/home/elis/Projects/micro/micro-node/micro-core/src/di/DiDecorators.ts",
  "/home/elis/Projects/micro/micro-node/micro-core/src/di/index.ts",
  "/home/elis/Projects/micro/micro-node/micro-core/src/di/types/DiOptionsTypes.ts",
  "/home/elis/Projects/micro/micro-node/micro-core/src/di/types/index.ts",
  "/home/elis/Projects/micro/micro-node/micro-core/src/errors/MainAppErrror.ts",
  "/home/elis/Projects/micro/micro-node/micro-core/src/errors/index.ts",
  "/home/elis/Projects/micro/micro-node/micro-core/src/errors/types/ErrorHandlerTypes.ts",
  "/home/elis/Projects/micro/micro-node/micro-core/src/helpers/BaseHelpers.ts",
  "/home/elis/Projects/micro/micro-node/micro-core/src/middlewares/IMiddleware.ts",
  "/home/elis/Projects/micro/micro-node/micro-core/src/openapi/SpecBuilder.ts",
  "/home/elis/Projects/micro/micro-node/micro-core/src/openapi/utils.ts",
  "/home/elis/Projects/micro/micro-node/micro-core/src/plugins/typeorm/index.ts",
  "/home/elis/Projects/micro/micro-node/micro-core/src/server/AppBuilder.ts",
  "/home/elis/Projects/micro/micro-node/micro-core/src/server/BaseConfiguration.ts",
  "/home/elis/Projects/micro/micro-node/micro-core/src/server/BaseServer.ts",
  "/home/elis/Projects/micro/micro-node/micro-core/src/server/IConfiguration.ts",
  "/home/elis/Projects/micro/micro-node/micro-core/src/server/Logger.ts",
  "/home/elis/Projects/micro/micro-node/micro-core/src/server/OptionsBuilder.ts",
  "/home/elis/Projects/micro/micro-node/micro-core/src/server/StartupBase.ts",
  "/home/elis/Projects/micro/micro-node/micro-core/src/server/index.ts",
  "/home/elis/Projects/micro/micro-node/micro-core/src/server/types/BaseTypes.ts",
  "/home/elis/Projects/micro/micro-node/micro-core/src/server/types/ServerOptions.ts",
  "/home/elis/Projects/micro/micro-node/micro-core/src/server/types/index.ts"
 ],
 "options": {
  "target": 5,
  "module": 1,
  "declaration": true,
  "sourceMap": false,
  "outDir": "/home/elis/Projects/micro/micro-node/micro-core/lib",
  "strict": true,
  "rootDir": "/home/elis/Projects/micro/micro-node/micro-core/src",
  "removeComments": false,
  "esModuleInterop": true,
  "types": [
   "node",
   "mocha",
   "chai"
  ],
  "experimentalDecorators": true,
  "emitDecoratorMetadata": true,
  "configFilePath": "/home/elis/Projects/micro/micro-node/micro-core/tsconfig.json"
 }
}
Info 8    [16:26:33.660] Starting updateGraphWorker: Project: /home/elis/Projects/micro/micro-node/micro-core/tsconfig.json
Info 9    [16:26:37.538] Finishing updateGraphWorker: Project: /home/elis/Projects/micro/micro-node/micro-core/tsconfig.json Version: 1 structureChanged: true Elapsed: 3878ms
Info 10   [16:26:37.538] Project '/home/elis/Projects/micro/micro-node/micro-core/tsconfig.json' (Configured) 
Info 11   [16:26:37.538] 	Files (435)

Info 12   [16:26:37.538] -----------------------------------------------
Info 13   [16:26:47.520] Search path: /home/elis/Projects/micro/micro-node/micro-core/src/decorators/types
Info 14   [16:26:47.521] For info: /home/elis/Projects/micro/micro-node/micro-core/src/decorators/types/MethodMetadataTypes.ts :: Config file name: /home/elis/Projects/micro/micro-node/micro-core/tsconfig.json
Info 15   [16:26:51.859] Search path: /home/elis/Projects/micro/micro-node/micro-core/src/server
Info 16   [16:26:51.860] For info: /home/elis/Projects/micro/micro-node/micro-core/src/server/BaseServer.ts :: Config file name: /home/elis/Projects/micro/micro-node/micro-core/tsconfig.json
Info 17   [16:27:14.229] Search path: /home/elis/Projects/micro/micro-node/micro-core/src/middlewares
Info 18   [16:27:14.229] For info: /home/elis/Projects/micro/micro-node/micro-core/src/middlewares/IMiddleware.ts :: Config file name: /home/elis/Projects/micro/micro-node/micro-core/tsconfig.json
Info 19   [16:28:0.131] Search path: /home/elis/Projects/micro/micro-node/micro-core/src/decorators
Info 20   [16:28:0.131] For info: /home/elis/Projects/micro/micro-node/micro-core/src/decorators/GlobalMetadata.ts :: Config file name: /home/elis/Projects/micro/micro-node/micro-core/tsconfig.json
Info 21   [16:28:10.339] Search path: /home/elis/Projects/micro/micro-node/micro-core/src/decorators/types
Info 22   [16:28:10.340] For info: /home/elis/Projects/micro/micro-node/micro-core/src/decorators/types/ParamMetadataTypes.ts :: Config file name: /home/elis/Projects/micro/micro-node/micro-core/tsconfig.json
Info 23   [16:28:16.892] Search path: /home/elis/Projects/micro/micro-node/micro-core/src/brokers/amqp
Info 24   [16:28:16.892] For info: /home/elis/Projects/micro/micro-node/micro-core/src/brokers/amqp/AmqpBroker.ts :: Config file name: /home/elis/Projects/micro/micro-node/micro-core/tsconfig.json
Info 25   [16:28:22.274] Search path: /home/elis/Projects/micro/micro-node/micro-core/node_modules/@types/amqplib
Info 26   [16:28:22.274] For info: /home/elis/Projects/micro/micro-node/micro-core/node_modules/@types/amqplib/index.d.ts :: Config file name: /home/elis/Projects/micro/micro-node/micro-core/tsconfig.json
Info 27   [16:28:47.114] Search path: /home/elis/Projects/micro/micro-node/micro-core/src/brokers
Info 28   [16:28:47.114] For info: /home/elis/Projects/micro/micro-node/micro-core/src/brokers/IBroker.ts :: Config file name: /home/elis/Projects/micro/micro-node/micro-core/tsconfig.json
Info 29   [16:28:54.252] Search path: /home/elis/Projects/micro/micro-node/micro-core/src/brokers/amqp
Info 30   [16:28:54.252] For info: /home/elis/Projects/micro/micro-node/micro-core/src/brokers/amqp/TopicBasedAmqpBroker.ts :: Config file name: /home/elis/Projects/micro/micro-node/micro-core/tsconfig.json
Info 31   [16:34:20.659] Search path: /home/elis/Projects/micro/micro-node/micro-core/src/server
Info 32   [16:34:20.659] For info: /home/elis/Projects/micro/micro-node/micro-core/src/server/BaseServer.ts :: Config file name: /home/elis/Projects/micro/micro-node/micro-core/tsconfig.json
Info 33   [16:44:20.177] Starting updateGraphWorker: Project: /home/elis/Projects/micro/micro-node/micro-core/tsconfig.json
Info 34   [16:44:20.399] Finishing updateGraphWorker: Project: /home/elis/Projects/micro/micro-node/micro-core/tsconfig.json Version: 2 structureChanged: true Elapsed: 222ms
Info 35   [16:44:20.399] Different program with same set of files:: oldProgram.structureIsReused:: 0
Info 36   [16:44:21.539] Starting updateGraphWorker: Project: /home/elis/Projects/micro/micro-node/micro-core/tsconfig.json
Info 37   [16:44:21.611] Finishing updateGraphWorker: Project: /home/elis/Projects/micro/micro-node/micro-core/tsconfig.json Version: 3 structureChanged: false Elapsed: 72ms
Info 38   [16:44:21.611] Different program with same set of files:: oldProgram.structureIsReused:: 2
Info 39   [16:44:22.173] Search path: /home/elis/Projects/micro/micro-node/micro-core/src/decorators
Info 40   [16:44:22.173] For info: /home/elis/Projects/micro/micro-node/micro-core/src/decorators/GlobalMetadata.ts :: Config file name: /home/elis/Projects/micro/micro-node/micro-core/tsconfig.json
Info 41   [16:47:0.0] DirectoryWatcher:: Triggered with /home/elis/Projects/micro/micro-node/micro-core/src :: WatchInfo: /home/elis/Projects/micro/micro-node/micro-core/src 1 undefined Project: /home/elis/Projects/micro/micro-node/micro-core/tsconfig.json WatchType: Wild card directory
Info 42   [16:47:0.1] Elapsed:: 1ms DirectoryWatcher:: Triggered with /home/elis/Projects/micro/micro-node/micro-core/src :: WatchInfo: /home/elis/Projects/micro/micro-node/micro-core/src 1 undefined Project: /home/elis/Projects/micro/micro-node/micro-core/tsconfig.json WatchType: Wild card directory
Info 43   [16:47:0.1] DirectoryWatcher:: Triggered with /home/elis/Projects/micro/micro-node/micro-core/src :: WatchInfo: /home/elis/Projects/micro/micro-node/micro-core/src 1 undefined Project: /home/elis/Projects/micro/micro-node/micro-core/tsconfig.json WatchType: Failed Lookup Locations
Info 44   [16:47:0.1] Elapsed:: 0ms DirectoryWatcher:: Triggered with /home/elis/Projects/micro/micro-node/micro-core/src :: WatchInfo: /home/elis/Projects/micro/micro-node/micro-core/src 1 undefined Project: /home/elis/Projects/micro/micro-node/micro-core/tsconfig.json WatchType: Failed Lookup Locations
Info 45   [16:47:0.42] Starting updateGraphWorker: Project: /home/elis/Projects/micro/micro-node/micro-core/tsconfig.json
Info 46   [16:47:1.191] Finishing updateGraphWorker: Project: /home/elis/Projects/micro/micro-node/micro-core/tsconfig.json Version: 4 structureChanged: true Elapsed: 1149ms
Info 47   [16:47:1.191] Different program with same set of files:: oldProgram.structureIsReused:: 1
Info 48   [16:47:1.220] Structure before ensureProjectForOpenFiles:
Info 49   [16:47:1.220] Structure after ensureProjectForOpenFiles:
Info 50   [16:47:1.220] got projects updated in background, updating diagnostics for /home/elis/Projects/micro/micro-node/micro-core/src/server/BaseServer.ts,/home/elis/Projects/micro/micro-node/micro-core/src/decorators/GlobalMetadata.ts
